[    0.000000] Initializing cgroup subsys cpuset
[    0.000000] Initializing cgroup subsys cpu
[    0.000000] Initializing cgroup subsys cpuacct
[    0.000000] Linux version 4.4.0-176-generic (buildd@lgw01-amd64-035) (gcc version 5.4.0 20160609 (Ubuntu 5.4.0-6ubuntu1~16.04.12) ) #206-Ubuntu SMP Fri Feb 28 05:02:04 UTC 2020 (Ubuntu 4.4.0-176.206-generic 4.4.211)
[    0.000000] Command line: BOOT_IMAGE=/boot/vmlinuz-4.4.0-176-generic root=LABEL=cloudimg-rootfs ro console=tty1 console=ttyS0
[    0.000000] KERNEL supported cpus:
[    0.000000]   Intel GenuineIntel
[    0.000000]   AMD AuthenticAMD
[    0.000000]   Centaur CentaurHauls
[    0.000000] x86/fpu: xstate_offset[2]:  576, xstate_sizes[2]:  256
[    0.000000] x86/fpu: Supporting XSAVE feature 0x01: 'x87 floating point registers'
[    0.000000] x86/fpu: Supporting XSAVE feature 0x02: 'SSE registers'
[    0.000000] x86/fpu: Supporting XSAVE feature 0x04: 'AVX registers'
[    0.000000] x86/fpu: Enabled xstate features 0x7, context size is 832 bytes, using 'standard' format.
[    0.000000] e820: BIOS-provided physical RAM map:
[    0.000000] BIOS-e820: [mem 0x0000000000000000-0x000000000009fbff] usable
[    0.000000] BIOS-e820: [mem 0x000000000009fc00-0x000000000009ffff] reserved
[    0.000000] BIOS-e820: [mem 0x00000000000f0000-0x00000000000fffff] reserved
[    0.000000] BIOS-e820: [mem 0x0000000000100000-0x000000003ffeffff] usable
[    0.000000] BIOS-e820: [mem 0x000000003fff0000-0x000000003fffffff] ACPI data
[    0.000000] BIOS-e820: [mem 0x00000000fec00000-0x00000000fec00fff] reserved
[    0.000000] BIOS-e820: [mem 0x00000000fee00000-0x00000000fee00fff] reserved
[    0.000000] BIOS-e820: [mem 0x00000000fffc0000-0x00000000ffffffff] reserved
[    0.000000] NX (Execute Disable) protection: active
[    0.000000] SMBIOS 2.5 present.
[    0.000000] Hypervisor detected: KVM
[    0.000000] Kernel/User page tables isolation: disabled
[    0.000000] e820: last_pfn = 0x3fff0 max_arch_pfn = 0x400000000
[    0.000000] MTRR: Disabled
[    0.000000] x86/PAT: MTRRs disabled, skipping PAT initialization too.
[    0.000000] CPU MTRRs all blank - virtualized system.
[    0.000000] x86/PAT: Configuration [0-7]: WB  WT  UC- UC  WB  WT  UC- UC  
[    0.000000] found SMP MP-table at [mem 0x0009fff0-0x0009ffff] mapped at [ffff88000009fff0]
[    0.000000] Scanning 1 areas for low memory corruption
[    0.000000] RAMDISK: [mem 0x362e2000-0x37168fff]
[    0.000000] ACPI: Early table checksum verification disabled
[    0.000000] ACPI: RSDP 0x00000000000E0000 000024 (v02 VBOX  )
[    0.000000] ACPI: XSDT 0x000000003FFF0030 00003C (v01 VBOX   VBOXXSDT 00000001 ASL  00000061)
[    0.000000] ACPI: FACP 0x000000003FFF00F0 0000F4 (v04 VBOX   VBOXFACP 00000001 ASL  00000061)
[    0.000000] ACPI: DSDT 0x000000003FFF0470 0021FF (v02 VBOX   VBOXBIOS 00000002 INTL 20180105)
[    0.000000] ACPI: FACS 0x000000003FFF0200 000040
[    0.000000] ACPI: FACS 0x000000003FFF0200 000040
[    0.000000] ACPI: APIC 0x000000003FFF0240 00005C (v02 VBOX   VBOXAPIC 00000001 ASL  00000061)
[    0.000000] ACPI: SSDT 0x000000003FFF02A0 0001CC (v01 VBOX   VBOXCPUT 00000002 INTL 20180105)
[    0.000000] No NUMA configuration found
[    0.000000] Faking a node at [mem 0x0000000000000000-0x000000003ffeffff]
[    0.000000] NODE_DATA(0) allocated [mem 0x3ffeb000-0x3ffeffff]
[    0.000000] kvm-clock: Using msrs 4b564d01 and 4b564d00
[    0.000000] kvm-clock: cpu 0, msr 0:3ffe3001, primary cpu clock
[    0.000000] kvm-clock: using sched offset of 4326881658 cycles
[    0.000000] clocksource: kvm-clock: mask: 0xffffffffffffffff max_cycles: 0x1cd42e4dffb, max_idle_ns: 881590591483 ns
[    0.000000] Zone ranges:
[    0.000000]   DMA      [mem 0x0000000000001000-0x0000000000ffffff]
[    0.000000]   DMA32    [mem 0x0000000001000000-0x000000003ffeffff]
[    0.000000]   Normal   empty
[    0.000000]   Device   empty
[    0.000000] Movable zone start for each node
[    0.000000] Early memory node ranges
[    0.000000]   node   0: [mem 0x0000000000001000-0x000000000009efff]
[    0.000000]   node   0: [mem 0x0000000000100000-0x000000003ffeffff]
[    0.000000] Initmem setup node 0 [mem 0x0000000000001000-0x000000003ffeffff]
[    0.000000] ACPI: PM-Timer IO Port: 0x4008
[    0.000000] IOAPIC[0]: apic_id 2, version 32, address 0xfec00000, GSI 0-23
[    0.000000] ACPI: INT_SRC_OVR (bus 0 bus_irq 0 global_irq 2 dfl dfl)
[    0.000000] ACPI: INT_SRC_OVR (bus 0 bus_irq 9 global_irq 9 low level)
[    0.000000] Using ACPI (MADT) for SMP configuration information
[    0.000000] smpboot: Allowing 2 CPUs, 0 hotplug CPUs
[    0.000000] PM: Registered nosave memory: [mem 0x00000000-0x00000fff]
[    0.000000] PM: Registered nosave memory: [mem 0x0009f000-0x0009ffff]
[    0.000000] PM: Registered nosave memory: [mem 0x000a0000-0x000effff]
[    0.000000] PM: Registered nosave memory: [mem 0x000f0000-0x000fffff]
[    0.000000] e820: [mem 0x40000000-0xfebfffff] available for PCI devices
[    0.000000] Booting paravirtualized kernel on KVM
[    0.000000] clocksource: refined-jiffies: mask: 0xffffffff max_cycles: 0xffffffff, max_idle_ns: 7645519600211568 ns
[    0.000000] setup_percpu: NR_CPUS:512 nr_cpumask_bits:512 nr_cpu_ids:2 nr_node_ids:1
[    0.000000] PERCPU: Embedded 33 pages/cpu @ffff88003fc00000 s95448 r8192 d31528 u1048576
[    0.000000] Built 1 zonelists in Node order, mobility grouping on.  Total pages: 257912
[    0.000000] Policy zone: DMA32
[    0.000000] Kernel command line: BOOT_IMAGE=/boot/vmlinuz-4.4.0-176-generic root=LABEL=cloudimg-rootfs ro console=tty1 console=ttyS0
[    0.000000] PID hash table entries: 4096 (order: 3, 32768 bytes)
[    0.000000] Memory: 997676K/1048120K available (8626K kernel code, 1336K rwdata, 4032K rodata, 1488K init, 1292K bss, 50444K reserved, 0K cma-reserved)
[    0.000000] SLUB: HWalign=64, Order=0-3, MinObjects=0, CPUs=2, Nodes=1
[    0.000000] Hierarchical RCU implementation.
[    0.000000] 	Build-time adjustment of leaf fanout to 64.
[    0.000000] 	RCU restricting CPUs from NR_CPUS=512 to nr_cpu_ids=2.
[    0.000000] RCU: Adjusting geometry for rcu_fanout_leaf=64, nr_cpu_ids=2
[    0.000000] NR_IRQS:33024 nr_irqs:440 16
[    0.000000] Console: colour VGA+ 80x25
[    0.000000] console [tty1] enabled
[    0.000000] console [ttyS0] enabled
[    0.000000] tsc: Detected 2495.314 MHz processor
[    0.000000] tsc: Marking TSC unstable due to TSCs unsynchronized
[    0.004000] Calibrating delay loop (skipped) preset value.. 4990.62 BogoMIPS (lpj=9981256)
[    0.004000] pid_max: default: 32768 minimum: 301
[    0.004000] ACPI: Core revision 20150930
[    0.004000] ACPI: 2 ACPI AML tables successfully acquired and loaded
[    0.004000] Security Framework initialized
[    0.004000] Yama: becoming mindful.
[    0.004000] AppArmor: AppArmor initialized
[    0.004000] Dentry cache hash table entries: 131072 (order: 8, 1048576 bytes)
[    0.004000] Inode-cache hash table entries: 65536 (order: 7, 524288 bytes)
[    0.004139] Mount-cache hash table entries: 2048 (order: 2, 16384 bytes)
[    0.008034] Mountpoint-cache hash table entries: 2048 (order: 2, 16384 bytes)
[    0.012357] Initializing cgroup subsys io
[    0.016026] Initializing cgroup subsys memory
[    0.020042] Initializing cgroup subsys devices
[    0.024030] Initializing cgroup subsys freezer
[    0.028030] Initializing cgroup subsys net_cls
[    0.032030] Initializing cgroup subsys perf_event
[    0.036028] Initializing cgroup subsys net_prio
[    0.040062] Initializing cgroup subsys hugetlb
[    0.044026] Initializing cgroup subsys pids
[    0.048152] mce: CPU supports 0 MCE banks
[    0.052157] Last level iTLB entries: 4KB 512, 2MB 1024, 4MB 512
[    0.056018] Last level dTLB entries: 4KB 1024, 2MB 1024, 4MB 512, 1GB 0
[    0.060017] Spectre V1 : Mitigation: usercopy/swapgs barriers and __user pointer sanitization
[    0.064017] Spectre V2 : Spectre mitigation: LFENCE not serializing, switching to generic retpoline
[    0.068017] Spectre V2 : Mitigation: Full generic retpoline
[    0.072015] Spectre V2 : Spectre v2 / SpectreRSB mitigation: Filling RSB on context switch
[    0.076019] Speculative Store Bypass: Mitigation: Speculative Store Bypass disabled via prctl and seccomp
[    0.086035] Freeing SMP alternatives memory: 36K
[    0.102418] ftrace: allocating 32305 entries in 127 pages
[    0.160175] smpboot: APIC(0) Converting physical 0 to logical package 0
[    0.164022] smpboot: Max logical packages: 1
[    0.168244] x2apic enabled
[    0.170343] Switched APIC routing to physical x2apic.
[    0.173583] ..TIMER: vector=0x30 apic1=0 pin1=2 apic2=-1 pin2=-1
[    0.285657] APIC calibration not consistent with PM-Timer: 98ms instead of 100ms
[    0.288000] APIC delta adjusted to PM-Timer: 6250492 (6175582)
[    0.288133] smpboot: CPU0: AMD A6-9220 RADEON R4, 5 COMPUTE CORES 2C+3G (family: 0x15, model: 0x70, stepping: 0x0)
[    0.297380] Performance Events: Broken PMU hardware detected, using software events only.
[    0.304016] Failed to access perfctr msr (MSR c0010007 is 0)
[    0.337403] KVM setup paravirtual spinlock
[    0.341540] x86: Booting SMP configuration:
[    0.344016] .... node  #0, CPUs:      #1
[    0.004000] kvm-clock: cpu 1, msr 0:3ffe3041, secondary cpu clock
[    0.004000] mce: CPU supports 0 MCE banks
[    0.361829] x86: Booted up 1 node, 2 CPUs
[    0.364013] smpboot: Total of 2 processors activated (9981.25 BogoMIPS)
[    0.373016] devtmpfs: initialized
[    0.381361] evm: security.selinux
[    0.384014] evm: security.SMACK64
[    0.385992] evm: security.SMACK64EXEC
[    0.388012] evm: security.SMACK64TRANSMUTE
[    0.392022] evm: security.SMACK64MMAP
[    0.394362] evm: security.ima
[    0.396012] evm: security.capability
[    0.404924] clocksource: jiffies: mask: 0xffffffff max_cycles: 0xffffffff, max_idle_ns: 7645041785100000 ns
[    0.412062] futex hash table entries: 512 (order: 3, 32768 bytes)
[    0.417458] pinctrl core: initialized pinctrl subsystem
[    0.420248] RTC time:  0:04:54, date: 06/22/20
[    0.424422] NET: Registered protocol family 16
[    0.448759] cpuidle: using governor ladder
[    0.484234] cpuidle: using governor menu
[    0.492034] PCCT header not found.
[    0.496219] ACPI: bus type PCI registered
[    0.500013] acpiphp: ACPI Hot Plug PCI Controller Driver version: 0.5
[    0.504288] PCI: Using configuration type 1 for base access
[    0.508013] PCI: Using configuration type 1 for extended access
[    0.537675] ACPI: Added _OSI(Module Device)
[    0.540014] ACPI: Added _OSI(Processor Device)
[    0.544024] ACPI: Added _OSI(3.0 _SCP Extensions)
[    0.548016] ACPI: Added _OSI(Processor Aggregator Device)
[    0.553042] ACPI: Executed 1 blocks of module-level executable AML code
[    0.564861] ACPI: Interpreter enabled
[    0.568040] ACPI: (supports S0 S5)
[    0.569985] ACPI: Using IOAPIC for interrupt routing
[    0.576343] PCI: Using host bridge windows from ACPI; if necessary, use "pci=nocrs" and report a bug
[    0.588916] ACPI: PCI Root Bridge [PCI0] (domain 0000 [bus 00-ff])
[    0.592061] acpi PNP0A03:00: _OSC: OS supports [ExtendedConfig ASPM ClockPM Segments MSI]
[    0.596106] acpi PNP0A03:00: _OSC: OS now controls [PCIeHotplug PME AER PCIeCapability]
[    0.600471] PCI host bridge to bus 0000:00
[    0.604022] pci_bus 0000:00: root bus resource [io  0x0000-0x0cf7 window]
[    0.608023] pci_bus 0000:00: root bus resource [io  0x0d00-0xffff window]
[    0.612022] pci_bus 0000:00: root bus resource [mem 0x000a0000-0x000bffff window]
[    0.616026] pci_bus 0000:00: root bus resource [mem 0x40000000-0xfdffffff window]
[    0.620023] pci_bus 0000:00: root bus resource [bus 00-ff]
[    0.629454] pci 0000:00:01.1: legacy IDE quirk: reg 0x10: [io  0x01f0-0x01f7]
[    0.632029] pci 0000:00:01.1: legacy IDE quirk: reg 0x14: [io  0x03f6]
[    0.636022] pci 0000:00:01.1: legacy IDE quirk: reg 0x18: [io  0x0170-0x0177]
[    0.640022] pci 0000:00:01.1: legacy IDE quirk: reg 0x1c: [io  0x0376]
[    0.690310] pci 0000:00:07.0: quirk: [io  0x4000-0x403f] claimed by PIIX4 ACPI
[    0.692040] pci 0000:00:07.0: quirk: [io  0x4100-0x410f] claimed by PIIX4 SMB
[    0.716364] ACPI: PCI Interrupt Link [LNKA] (IRQs 5 9 10 *11)
[    0.722377] ACPI: PCI Interrupt Link [LNKB] (IRQs 5 9 *10 11)
[    0.729030] ACPI: PCI Interrupt Link [LNKC] (IRQs 5 *9 10 11)
[    0.734164] ACPI: PCI Interrupt Link [LNKD] (IRQs 5 9 10 *11)
[    0.741252] ACPI: Enabled 2 GPEs in block 00 to 07
[    0.745080] vgaarb: setting as boot device: PCI:0000:00:02.0
[    0.748000] vgaarb: device added: PCI:0000:00:02.0,decodes=io+mem,owns=io+mem,locks=none
[    0.748017] vgaarb: loaded
[    0.752015] vgaarb: bridge control possible 0000:00:02.0
[    0.756585] SCSI subsystem initialized
[    0.760971] ACPI: bus type USB registered
[    0.764108] usbcore: registered new interface driver usbfs
[    0.768074] usbcore: registered new interface driver hub
[    0.776522] usbcore: registered new device driver usb
[    0.782443] PCI: Using ACPI for IRQ routing
[    0.784510] NetLabel: Initializing
[    0.788015] NetLabel:  domain hash size = 128
[    0.792019] NetLabel:  protocols = UNLABELED CIPSOv4
[    0.796051] NetLabel:  unlabeled traffic allowed by default
[    0.800429] amd_nb: Cannot enumerate AMD northbridges
[    0.808449] clocksource: Switched to clocksource kvm-clock
[    0.827664] AppArmor: AppArmor Filesystem Enabled
[    0.828180] pnp: PnP ACPI init
[    0.828180] pnp: PnP ACPI: found 3 devices
[    0.852522] clocksource: acpi_pm: mask: 0xffffff max_cycles: 0xffffff, max_idle_ns: 2085701024 ns
[    0.856499] NET: Registered protocol family 2
[    0.860855] TCP established hash table entries: 8192 (order: 4, 65536 bytes)
[    0.864630] TCP bind hash table entries: 8192 (order: 5, 131072 bytes)
[    0.864630] TCP: Hash tables configured (established 8192 bind 8192)
[    0.864630] UDP hash table entries: 512 (order: 2, 16384 bytes)
[    0.864630] UDP-Lite hash table entries: 512 (order: 2, 16384 bytes)
[    0.864630] NET: Registered protocol family 1
[    0.864630] pci 0000:00:00.0: Limiting direct PCI/PCI transfers
[    0.864630] pci 0000:00:01.0: Activating ISA DMA hang workarounds
[    0.864630] Unpacking initramfs...
[    1.438822] Freeing initrd memory: 14876K
[    1.448922] clocksource: tsc: mask: 0xffffffffffffffff max_cycles: 0x23f7ef2f055, max_idle_ns: 440795306980 ns
[    1.475562] platform rtc_cmos: registered platform RTC device (no PNP device found)
[    1.524949] Scanning for low memory corruption every 60 seconds
[    1.536137] audit: initializing netlink subsys (disabled)
[    1.545236] audit: type=2000 audit(1592784300.872:1): initialized
[    1.556462] Initialise system trusted keyring
[    1.564644] HugeTLB registered 2 MB page size, pre-allocated 0 pages
[    1.575345] zbud: loaded
[    1.580313] VFS: Disk quotas dquot_6.6.0
[    1.589347] VFS: Dquot-cache hash table entries: 512 (order 0, 4096 bytes)
[    1.597382] squashfs: version 4.0 (2009/01/31) Phillip Lougher
[    1.614510] fuse init (API version 7.23)
[    1.622944] Key type big_key registered
[    1.627500] Allocating IMA MOK and blacklist keyrings.
[    1.656173] Key type asymmetric registered
[    1.658891] Asymmetric key parser 'x509' registered
[    1.663426] Block layer SCSI generic (bsg) driver version 0.4 loaded (major 249)
[    1.669414] io scheduler noop registered
[    1.671631] io scheduler deadline registered (default)
[    1.675132] io scheduler cfq registered
[    1.677867] pci_hotplug: PCI Hot Plug PCI Core version: 0.5
[    1.681185] pciehp: PCI Express Hot Plug Controller Driver version: 0.4
[    1.685227] ACPI: AC Adapter [AC] (on-line)
[    1.688215] input: Power Button as /devices/LNXSYSTM:00/LNXPWRBN:00/input/input0
[    1.693109] ACPI: Power Button [PWRF]
[    1.695788] input: Sleep Button as /devices/LNXSYSTM:00/LNXSLPBN:00/input/input1
[    1.701223] ACPI: Sleep Button [SLPF]
[    1.705972] ACPI: Battery Slot [BAT0] (battery present)
[    1.710844] GHES: HEST is not enabled!
[    1.711149] Serial: 8250/16550 driver, 32 ports, IRQ sharing enabled
[    1.747278] 00:02: ttyS0 at I/O 0x3f8 (irq = 4, base_baud = 115200) is a 16550A
[    1.752529] Linux agpgart interface v0.103
[    1.768434] loop: module loaded
[    1.775037] scsi host0: ata_piix
[    1.775162] scsi host1: ata_piix
[    1.775215] ata1: PATA max UDMA/33 cmd 0x1f0 ctl 0x3f6 bmdma 0xd000 irq 14
[    1.775217] ata2: PATA max UDMA/33 cmd 0x170 ctl 0x376 bmdma 0xd008 irq 15
[    1.775368] libphy: Fixed MDIO Bus: probed
[    1.775371] tun: Universal TUN/TAP device driver, 1.6
[    1.775372] tun: (C) 1999-2004 Max Krasnyansky <maxk@qualcomm.com>
[    1.775465] PPP generic driver version 2.4.2
[    1.775559] ehci_hcd: USB 2.0 'Enhanced' Host Controller (EHCI) Driver
[    1.775568] ehci-pci: EHCI PCI platform driver
[    1.775614] ehci-platform: EHCI generic platform driver
[    1.775628] ohci_hcd: USB 1.1 'Open' Host Controller (OHCI) Driver
[    1.775633] ohci-pci: OHCI PCI platform driver
[    1.775648] ohci-platform: OHCI generic platform driver
[    1.775661] uhci_hcd: USB Universal Host Controller Interface driver
[    1.775763] i8042: PNP: PS/2 Controller [PNP0303:PS2K,PNP0f03:PS2M] at 0x60,0x64 irq 1,12
[    1.776431] serio: i8042 KBD port at 0x60,0x64 irq 1
[    1.776455] serio: i8042 AUX port at 0x60,0x64 irq 12
[    1.776776] mousedev: PS/2 mouse device common for all mice
[    1.777348] input: AT Translated Set 2 keyboard as /devices/platform/i8042/serio0/input/input2
[    1.780330] rtc_cmos rtc_cmos: rtc core: registered rtc_cmos as rtc0
[    1.780427] rtc_cmos rtc_cmos: alarms up to one day, 114 bytes nvram
[    1.780452] i2c /dev entries driver
[    1.780554] device-mapper: uevent: version 1.0.3
[    1.780650] device-mapper: ioctl: 4.34.0-ioctl (2015-10-28) initialised: dm-devel@redhat.com
[    1.780682] ledtrig-cpu: registered to indicate activity on CPUs
[    1.780895] x86/pm: family 0x15 cpu detected, MSR saving is needed during suspending.
[    1.781148] NET: Registered protocol family 10
[    1.781426] NET: Registered protocol family 17
[    1.781441] Key type dns_resolver registered
[    1.781855] registered taskstats version 1
[    1.781872] Loading compiled-in X.509 certificates
[    1.782810] Loaded X.509 cert 'Build time autogenerated kernel key: c2b7431ed9258328a3a0cf301f850647788d8e61'
[    1.782844] zswap: loaded using pool lzo/zbud
[    1.801789] Key type trusted registered
[    1.807378] Key type encrypted registered
[    1.807389] AppArmor: AppArmor sha1 policy hashing enabled
[    1.807393] ima: No TPM chip found, activating TPM-bypass!
[    1.807405] ima: Allocated hash algorithm: sha1
[    1.807443] evm: HMAC attrs: 0x1
[    1.807867]   Magic number: 8:163:52
[    1.820295] rtc_cmos rtc_cmos: setting system clock to 2020-06-22 00:04:55 UTC (1592784295)
[    1.820533] BIOS EDD facility v0.16 2004-Jun-25, 0 devices found
[    1.820534] EDD information not available.
[    1.990498] Freeing unused kernel memory: 1488K
[    2.004191] Write protecting the kernel read-only data: 14336k
[    2.008909] Freeing unused kernel memory: 1604K
[    2.011752] Freeing unused kernel memory: 64K
Loading, please wait...
starting version 229
[    2.089795] random: systemd-udevd: uninitialized urandom read (16 bytes read, 3 bits of entropy available)
[    2.091347] random: udevadm: uninitialized urandom read (16 bytes read, 3 bits of entropy available)
[    2.091399] random: udevadm: uninitialized urandom read (16 bytes read, 3 bits of entropy available)
[    2.128398] random: udevadm: uninitialized urandom read (16 bytes read, 3 bits of entropy available)
[    2.128502] random: udevadm: uninitialized urandom read (16 bytes read, 3 bits of entropy available)
[    2.128880] random: udevadm: uninitialized urandom read (16 bytes read, 3 bits of entropy available)
[    2.129005] random: udevadm: uninitialized urandom read (16 bytes read, 3 bits of entropy available)
[    2.129122] random: udevadm: uninitialized urandom read (16 bytes read, 3 bits of entropy available)
[    2.129245] random: udevadm: uninitialized urandom read (16 bytes read, 3 bits of entropy available)
[    2.129375] random: udevadm: uninitialized urandom read (16 bytes read, 3 bits of entropy available)
[    2.346407] e1000: Intel(R) PRO/1000 Network Driver - version 7.3.21-k8-NAPI
[    2.353885] e1000: Copyright (c) 1999-2006 Intel Corporation.
[    2.368484] Fusion MPT base driver 3.04.20
[    2.371380] Copyright (c) 1999-2008 LSI Corporation
[    2.434969] Fusion MPT SPI Host driver 3.04.20
[    2.580880] AVX2 version of gcm_enc/dec engaged.
[    2.641134] AES CTR mode by8 optimization enabled
[    2.691326] input: ImExPS/2 Generic Explorer Mouse as /devices/platform/i8042/serio1/input/input4
[    3.226554] e1000 0000:00:03.0 eth0: (PCI:33MHz:32-bit) 02:38:f8:91:fa:5a
[    3.234505] e1000 0000:00:03.0 eth0: Intel(R) PRO/1000 Network Connection
[    3.242277] e1000 0000:00:03.0 enp0s3: renamed from eth0
[    3.243690] mptbase: ioc0: Initiating bringup
[    3.304466] ioc0: LSI53C1030 A0: Capabilities={Initiator}
[    3.469882] scsi host2: ioc0: LSI53C1030 A0, FwRev=00000000h, Ports=1, MaxQ=256, IRQ=20
[    3.790826] scsi 2:0:0:0: Direct-Access     VBOX     HARDDISK         1.0  PQ: 0 ANSI: 5
[    3.803628] scsi target2:0:0: Beginning Domain Validation
[    3.850582] scsi target2:0:0: Domain Validation skipping write tests
[    3.852163] scsi target2:0:0: Ending Domain Validation
[    3.854263] scsi target2:0:0: asynchronous
[    3.860323] scsi 2:0:1:0: Direct-Access     VBOX     HARDDISK         1.0  PQ: 0 ANSI: 5
[    3.865974] scsi target2:0:1: Beginning Domain Validation
[    3.873953] scsi target2:0:1: Domain Validation skipping write tests
[    3.881179] scsi target2:0:1: Ending Domain Validation
[    3.882586] scsi target2:0:1: asynchronous
[    3.907136] sd 2:0:0:0: [sda] 20971520 512-byte logical blocks: (10.7 GB/10.0 GiB)
[    3.917063] sd 2:0:0:0: Attached scsi generic sg0 type 0
[    3.927748] sd 2:0:1:0: Attached scsi generic sg1 type 0
[    3.930110] sd 2:0:1:0: [sdb] 20480 512-byte logical blocks: (10.5 MB/10.0 MiB)
[    3.930273] sd 2:0:0:0: [sda] Write Protect is off
[    3.930325] sd 2:0:1:0: [sdb] Write Protect is off
[    3.930463] sd 2:0:0:0: [sda] Incomplete mode parameter data
[    3.930465] sd 2:0:0:0: [sda] Assuming drive cache: write through
[    3.930470] sd 2:0:1:0: [sdb] Incomplete mode parameter data
[    3.930472] sd 2:0:1:0: [sdb] Assuming drive cache: write through
[    3.964242]  sda: sda1
[    3.965652] sd 2:0:0:0: [sda] Attached SCSI disk
[    3.971577] sd 2:0:1:0: [sdb] Attached SCSI disk
Begin: Loading essential drivers ... [    6.111147] md: linear personality registered for level -1
[    6.136846] md: multipath personality registered for level -4
[    6.155015] md: raid0 personality registered for level 0
[    6.212083] md: raid1 personality registered for level 1
[    6.324176] raid6: sse2x1   gen()  4099 MB/s
[    6.392320] raid6: sse2x1   xor()  2999 MB/s
[    6.464179] raid6: sse2x2   gen()  6225 MB/s
[    6.532184] raid6: sse2x2   xor()  4375 MB/s
[    6.600238] raid6: sse2x4   gen()  3133 MB/s
[    6.668134] raid6: sse2x4   xor()  2664 MB/s
[    6.736185] raid6: avx2x1   gen()  4134 MB/s
[    6.804462] raid6: avx2x2   gen()  3254 MB/s
[    6.880223] raid6: avx2x4   gen()  1754 MB/s
[    6.882679] raid6: using algorithm sse2x2 gen() 6225 MB/s
[    6.885734] raid6: .... xor() 4375 MB/s, rmw enabled
[    6.888751] raid6: using avx2x2 recovery algorithm
[    6.913749] xor: automatically using best checksumming function:
[    6.964237]    avx       :  6254.000 MB/sec
[    6.978370] async_tx: api initialized (async)
[    7.007062] md: raid6 personality registered for level 6
[    7.034207] md: raid5 personality registered for level 5
[    7.044556] md: raid4 personality registered for level 4
[    7.072278] md: raid10 personality registered for level 10
done.
Begin: Running /scripts/init-premount ... done.
Begin: Mounting root file system ... Begin: Running /scripts/local-top ... done.
Begin: Running /scripts/local-premount [    7.240351] Btrfs loaded
... Scanning for Btrfs filesystems
done.
Warning: fsck not present, so skipping root file system
[    7.670819] EXT4-fs (sda1): mounted filesystem with ordered data mode. Opts: (null)
done.
Begin: Running /scripts/local-bottom ... done.
Begin: Running /scripts/init-bottom ... done.
[    8.777449] random: nonblocking pool is initialized
[    8.908193] systemd[1]: systemd 229 running in system mode. (+PAM +AUDIT +SELINUX +IMA +APPARMOR +SMACK +SYSVINIT +UTMP +LIBCRYPTSETUP +GCRYPT +GNUTLS +ACL +XZ -LZ4 +SECCOMP +BLKID +ELFUTILS +KMOD -IDN)
[    8.917324] systemd[1]: Detected virtualization oracle.
[    8.921714] systemd[1]: Detected architecture x86-64.

Welcome to [1mUbuntu 16.04.6 LTS[0m!

[    8.962590] systemd[1]: Set hostname to <ubuntu>.
[   931993] systemd[1]: Initializing machine ID from random generator.
[    9.035819] systemd[1]: Installed transient /etc/macine-id file.

[   10.549187] systemd[1]: Started Forward Password Requests to Wall Directory Watch.
[[0;32m  OK  [0m] Started Forward Password Requests to Wall Directory Watch.
[   10.568704] systemd[1]: Listening on Syslog Socket.
[[0;32m  OK  [0m] Listening on Syslog Socket.
[   10.604475] systemd[1]: Reached target System Time Synchronized.
[[0;32m  OK  [0m] Reached target System Time Synchronized.
[   10.648600] systemd[1]: Listening on LVM2 metadata daemon socket.
[[0;32m  OK  [0m] Listening on LVM2 metadata daemon socket.
[   10.661224] systemd[1]: Listening on Device-mapper event daemon FIFOs.
[[0;32m  OK  [0m] Listening on Device-mapper event daemon FIFOs.
[   10.688463] systemd[1]: Listening on udev Kernel Socket.
[[0;32m  OK  [0m] Listening on udev Kernel Socket.
[   10.729519] systemd[1]: Listening on udev Control Socket.
[[0;32m  OK  [0m] Listening on udev Control Socket.
[   10.739320] systemd[1]: Created slice User and Session Slice.
[[0;32m  OK  [0m] Created slice User and Session Slice.
[   10.769193] systemd[1]: Reached target Encrypted Volumes.
[[0;32m  OK  [0m] Reached target Encrypted Volumes.
[   10.777651] systemd[1]: Listening on /dev/initctl Compatibility Named Pipe.
[[0;32m  OK  [0m] Listening on /dev/initctl Compatibility Named Pipe.
[   10.792435] systemd[1]: Reached target Swap.
[[0;32m  OK  [0m] Reached target Swap.
[   10.803237] systemd[1]: Reached target User and Group Name Lookups.
[[0;32m  OK  [0m] Reached target User and Group Name Lookups.
[   10.817960] systemd[1]: Listening on Journal Socket.
[[0;32m  OK  [0m] Listening on Journal Socket.
[   10.843469] systemd[1]: Set up automount Arbitrary Executable File Formats File System Automount Point.
[[0;32m  OK  [0m] Set up automount Arbitrary Executab...ats File System Automount Point.
[   10.877924] systemd[1]: Listening on Journal Socket (/dev/log).
[[0;32m  OK  [0m] Listening on Journal Socket (/dev/log).
[   10.891387] systemd[1]: Listening on LVM2 poll daemon socket.
[[0;32m  OK  [0m] Listening on LVM2 poll daemon socket.
[   10.941012] systemd[1]: Created slice System Slice.
[[0;32m  OK  [0m] Created slice System Slice.
[   10.947739] systemd[1]: Reached target Slices.
[[0;32m  OK  [0m] Reached target Slices.
[   10.990392] systemd[1]: Starting Uncomplicated firewall...
         Starting Uncomplicated firewall...
[   11.052458] systemd[1]: Mounting Debug File System...
         Mounting Debug File System...
[   11.080137] systemd[1]: Starting Nameserver information manager...
         Starting Nameserver information manager...
[   11.120397] systemd[1]: Starting Remount Root and Kernel File Systems...
         Starting Remount Root and Kernel File Systems...
[   11.129949] systemd[1]: Starting Monitoring of LVM2 mirrors, snapshots etc. using dmeventd or progress polling...
         Starting Monitoring of LVM2 mirrors... dmeventd or progress polling...
[   11.147033] systemd[1]: Mounting POSIX Message Queue File System...
         Mounting POSIX Message Queue File System...
[   11.169523] EXT4-fs (sda1): re-mounted. Opts: (null)
[   11.240965] systemd[1]: Starting Load Kernel Modules...
         Starting Load Kernel Modules...
[   11.267432] systemd[1]: Starting Set console keymap...
         Starting Set console keymap...
[   11.279221] systemd[1]: Mounting Huge Pages File System...
         Mounting Huge Pages File System...
[   11.287930] systemd[1]: Starting Create list of required static device nodes for the current kernel...
         Starting Create list of required st... nodes for the current kernel...
[   11.302597] systemd[1]: Listening on Journal Audit Socket.
[[0;32m  OK  [0m] Listening on Journal Audit Socket.
[   11.348502] systemd[1]: Starting Journal Service...
         Starting Journal Service...
[   11.371211] systemd[1]: Created slice system-serial\x2dgetty.slice.
[[0;32m  OK  [0m] Created slice system-serial\x2dgetty.slice.
[   11.409068] systemd[1]: Started Trigger resolvconf update for networkd DNS.
[[0;32m  OK  [0m] Started Trigger resolvconf update for networkd DNS.
[   11.452369] systemd[1]: Mounted Debug File System.
[[0;32m  OK  [0m] Mounted Debug File System.
[   11.466877] systemd[1]: Mounted Huge Pages File System.
[[0;32m  OK  [0m] Mounted Huge Pages File System.
[   11.493027] systemd[1]: Mounted POSIX Message Queue File System.
[[0;32m  OK  [0m] Mounted POSIX Message Queue File System.
[   11.511222] systemd[1]: Started Uncomplicated firewall.
[[0;32m  OK  [0[   11.576681] Loading iSCSI transport class v2.0-870.
m] Started Uncomplicated firewall.
[   11.661587] systemd[1]: Started Remount Root and Kernel File Systems.
[[0;32m  OK  [0m] Started Remount Root and Kernel File Systems.
[   11.677480] systemd[1]: Started Set console keymap.
[[0;32m  OK  [0m] Started Set console keymap.
[   11.698633] systemd[1]: Started Create list of required static device nodes for the current kernel.
[[0;32m  OK  [0m] Started Create list of required sta...ce nodes for the current kernel.
[   11.736509] systemd[1]: Started Nameserver information manager.
[[0;32m  OK  [0m] Started Nameserver information manager.
[   11.745600] iscsi: registered transport (tcp)
[   11.747947] systemd[1]: Started Journal Service.
[[0;32m  OK  [0m] Started Journal Service.
[[0;32m  OK  [0m] Started LVM2 metadata daemon.
         Starting Create Static Device Nodes in /dev...
         Starting Load/Save Random Seed...
         Starting Flush Journal to Persistent Storage...
         Starting udev Coldplug all Devices...
[[0;32m  OK  [0m] Started Load/Save Random Seed.
[   12.022003] systemd-journald[399]: Received request to flush runtime journal from PID 1
[[0;32m  OK  [0m] Started Flush Journal to Persistent Storage.
[   12.094456] iscsi: registered transport (iser)
[[0;32m  OK  [0m] Started Load Kernel Modules.
         Starting Apply Kernel Variables...
         Mounting FUSE Control File System...
[[0;32m  OK  [0m] Mounted FUSE Control File System.
[[0;32m  OK  [0m] Started udev Coldplug all Devices.
[[0;32m  OK  [0m] Started Apply Kernel Variables.
[[0;32m  OK  [0m] Started Create Static Device Nodes in /dev.
[[0;32m  OK  [0m] Started Monitoring of LVM2 mirrors,...ng dmeventd or progress polling.
         Starting udev Kernel Device Manager...
[[0;32m  OK  [0m] Reached target Local File Systems (Pre).
[[0;32m  OK  [0m] Reached target Local File Systems.
         Starting Set console font and keymap...
         Starting Initial cloud-init job (pre-networking)...
         Starting Tell Plymouth To Write Out Runtime Data...
         Starting Create Volatile Files and Directories...
         Starting Commit a transient machine-id on disk...
         Starting LSB: AppArmor initialization...
[[0;32m  OK  [0m] Started Create Volatile Files and Directories.
         Starting Update UTMP about System Boot/Shutdown...
[[0;32m  OK  [0m] Started Tell Plymouth To Write Out Runtime Data.
[[0;32m  OK  [0m] Started Commit a transient machine-id on disk.
[[0;32m  OK  [0m] Started Update UTMP about System Boot/Shutdown.
[[0;32m  OK  [0m] Started udev Kernel Device Manager.
[[0;32m  OK  [0m] Started Dispatch Password Requests to Console Directory Watch.
[[0;32m  OK  [0m] Found device /dev/ttyS0.
[[0;32m  OK  [0m] Listening on Load/Save RF Kill Switch Status /dev/rfkill Watch.
[[0;32m  OK  [0m] Started LSB: AppArmor initialization.
[[0;32m  OK  [0m] Started Set console font and keymap.
[[0;32m  OK  [0m] Created slice system-getty.slice.
[   21.649119] cloud-init[470]: Cloud-init v. 19.4-33-gbb4131a2-0ubuntu1~16.04.1 running 'init-local' at Mon, 22 Jun 2020 00:05:14 +0000. Up 20.64 seconds.
[[0;32m  OK  [0m] Started Initial cloud-init job (pre-networking).
[[0;32m  OK  [0m] Reached target Network (Pre).
         Starting Raise network interfaces...
[[0;32m  OK  [0m] Started Raise network interfaces.
[[0;32m  OK  [0m] Reached target Network.
         Starting Initial cloud-init job (metadata service crawler)...
[   25.580386] cloud-init[965]: Cloud-init v. 19.4-33-gbb4131a2-0ubuntu1~16.04.1 running 'init' at Mon, 22 Jun 2020 00:05:16 +0000. Up 23.11 seconds.
[   25.588114] cloud-init[965]: ci-info: ++++++++++++++++++++++++++++++++++++++Net device info++++++++++++++++++++++++++++++++++++++
[   25.594584] cloud-init[965]: ci-info: +--------+------+----------------------------+---------------+--------+-------------------+
[   25.600644] cloud-init[965]: ci-info: | Device |  Up  |          Address           |      Mask     | Scope  |     Hw-Address    |
[   25.606689] cloud-init[965]: ci-info: +--------+------+----------------------------+---------------+--------+-------------------+
[   25.612995] cloud-init[965]: ci-info: | enp0s3 | True |         10.0.2.15          | 255.255.255.0 | global | 02:38:f8:91:fa:5a |
[   25.619440] cloud-init[965]: ci-info: | enp0s3 | True | fe80::38:f8ff:fe91:fa5a/64 |       .       |  link  | 02:38:f8:91:fa:5a |
[   25.625397] cloud-init[965]: ci-info: |   lo   | True |         127.0.0.1          |   255.0.0.0   |  host  |         .         |
[   25.631622] cloud-init[965]: ci-info: |   lo   | True |          ::1/128           |       .       |  host  |         .         |
[   25.638085] cloud-init[965]: ci-info: +--------+------+----------------------------+---------------+--------+-------------------+
[   25.644428] cloud-init[965]: ci-info: +++++++++++++++++++++++++++Route IPv4 info++++++++++++++++++++++++++++
[   25.650006] cloud-init[965]: ci-info: +-------+-------------+----------+---------------+-----------+-------+
[   25.655608] cloud-init[965]: ci-info: | Route | Destination | Gateway  |    Genmask    | Interface | Flags |
[   25.661045] cloud-init[965]: ci-info: +-------+-------------+----------+---------------+-----------+-------+
[   25.666500] cloud-init[965]: ci-info: |   0   |   0.0.0.0   | 10.0.2.2 |    0.0.0.0    |   enp0s3  |   UG  |
[   25.672243] cloud-init[965]: ci-info: |   1   |   10.0.2.0  | 0.0.0.0  | 255.255.255.0 |   enp0s3  |   U   |[[0;32m  OK  [0m] Started Initial cloud-init job (metadata service crawler).

[   25.679932] cloud-init[965]: ci-info: +-------+-------------+----------+---------------+-----------+-------+
[[0;32m  OK  [0m] Reached target System Initialization.
[   25.680479] cloud-init[965]: ci-info: +++++++++++++++++++Route IPv6 info+++++++++++++++++++
[[0;32m  OK  [0m] Started Daily Cleanup of Temporary Directories.
[   25.684348] cloud-init[965]: ci-info: +-------+-------------+---------+-----------+-------+
[   25.690273] cloud-init[965]: ci-info: | Route | Destination | Gateway | Interface | Flags |
[   25.700524] cloud-init[965]: ci-info: +-------+-------------+---------+-----------+-------+
         Starting LXD - unix socket.
[[0;32m  OK  [0m] Listening on D-Bus System Message Bus Socket.
         Starting Socket activation for snappy daemon.
[   25.703871] cloud-init[965]: ci-info: |   0   |  fe80::/64  |    ::   |   enp0s3  |   U   |
[   25.778138] [cloud-init[0;32m  OK  [0m[965]: ] ci-info: |   3   |   ff00::/8  |    ::   |   enp0s3  |   U   |Started ACPI Events Check.

[[0;32m  OK  [0m] Reached target Paths.
[[0;32m  OK  [0m] Listening on UUID daemon activation socket.
[   25.778786] cloud-init[965]: ci-info: +-------+-------------+---------+-----------+-------+
[   25.977650] [cloud-init[0;32m  OK  [0m[965]: ] Generating public/private rsa key pair.Started Message of the Day.

[[0;32m  OK  [0m] Listening on ACPID Listen Socket.
[   25.978169] cloud-init[965]: Your identification has been saved in /etc/ssh/ssh_host_rsa_key.
[   26.091621] cloud-init[965]: Your public key has been saved in /etc/ssh/ssh_host_rsa_key.pub.
[[0;32m  OK  [0m] Started Daily apt download activities.
[   26.092484] cloud-init[965]: [The key fingerprint is:[0;32m  OK  [0m
] Started Daily apt upgrade and clean activities.
[   26.188883] [cloud-init[0;32m  OK  [0m[965]: ] SHA256:iylsDZPY8sxjI5/knnONjs9BcCG9mygYLTgVb+jaq1k root@ubuntu-xenialReached target Timers.

[   26.299289] cloud-init[965]: The key's randomart image is:[
[0;32m  OK  [0m] Reached target Network is Online.
[   26.299996] cloud-init[965]: +---[RSA 2048]----+
[   26.404434]          cloud-initStarting iSCSI initiator daemon (iscsid)...[965]: 
|  .....          |
[   26.432600] cloud-init[965]: |  .o ...         |
[   26.458293] cloud-init[965]: |.o. + ..         |
[[0;32m  OK  [0m] Reached target Cloud-config availability.
[   26.459037] cloud-init[965]: |=..+ +.          |
[[0;32m  OK  [0m] Listening on LXD - unix socket.
[[0;32m  OK  [0m] Listening on Socket activation for snappy daemon.
[[0;32m  OK  [0m] Reached target Sockets.
[   26.462903] cloud-init[965]: | =+ =..oS        |
[[0;32m  OK  [0m] Reached target Basic System.
[   26.470349] cloud-init[965]: |.o.*.=oo .       |
[   26.478722] cloud-init[965]: |. E.% =o.        |
[   26.481481] cloud-init[965]: | o O.Oo..        |
[   26.483076] cloud-init[965]: |o...B=+          |
[   26.484769] cloud-init[965]: +----[SHA256]-----+
[   26.486493] cloud-init[965]: Generating public/private dsa key pair.
[   26.494366] cloud-init[965]: Your identification has been saved in /etc/ssh/ssh_host_dsa_key.
         Starting LSB: MD monitoring daemon...
[   26.502481] cloud-init[965]: Your public key has been saved in /etc/ssh/ssh_host_dsa_key.pub.
[   26.508762] cloud-init[965]: The key fingerprint is:
[   26.512931] cloud-init[965]: SHA256:H0SAfj+RhqLm4QfnI7chCCoBIINabzgwraxmR2M2N5Q root@ubuntu-xenial
         Starting System Logging Service...
[   26.513509] cloud-init[965]: The key's randomart image is:
[   26.518933] cloud-init[965]: +---[DSA 1024]----+
[   26.520695] cloud-init[965]: |=.    .....      |
[   26.522352] cloud-init[965]: |*.o  E.  .       |
[   26.524979] cloud-init[965]: |+= o..   ...     |
[   26.526337] cloud-init[965]: |+.o*ooo o.+      |
[   26.527578] cloud-init[965]: |+ +o+..oSo..     |
[   26.528953] cloud-init[965]: |o= o= .  .o.     |
[   26.535755] cloud-init[965]: |= o+.=.   ..     |
[   26.556560]          Starting Pollinate to seed the pseudo random number generator...
cloud-init[965]: |.   +.=.         |
[   26.562164] cloud-init[965]: |     +.o         |
[   26.564018] cloud-init[965]: +----[SHA256]-----+
[   26.565995] cloud-init[965]: Generating public/private ecdsa key pair.
[   26.569524] cloud-init[965]: Your identification has been saved in /etc/ssh/ssh_host_ecdsa_key.
[   26.575086] cloud-init[965]: Your public key has been saved in /etc/ssh/ssh_host_ecdsa_key.pub.
[   26.594984] cloud-init[965]: The key fingerprint is:
[   26.613265] cloud-init[965]: SHA256:AJCUKsMwwK9SSHPx75dV8bcSiiKnK9XVAgjbgmK/JRA root@ubuntu-xenial
[[   26.616270] cloud-init[965]: The key's randomart image is:
[0;32m  OK  [0m] Started ACPI event daemon.
[   26.617395] cloud-init[965]: +---[ECDSA 256]---+
[   26.640770] cloud-init[965]: |+Eo*+ .      .   |
[   26.644316] cloud-init[965]: |o+=.+o .      o  |
[   26.646200] cloud-init[965]: |=B+o o. . .  o ..|
[   26.647866] cloud-init[965]: |B.+.. .. o..o . o|
[   26.649826] cloud-init[965]: |.o.o o.+S..o . . |
[   26.651387] cloud-init[965]: |..  +.=.. o   .  |
[   26.653857] cloud-init[965]: |.  ... . o       |
[   26.655448] cloud-init[965]: |   .  . .        |
[   26.659172] cloud-init[965]: |    ..           |
[   26.659466] [[0;32m  OK  [0m] Started Deferred execution scheduler.cloud-init
[965]: +----[SHA256]-----+
[   26.671584] cloud-init[965]: Generating public/private ed25519 key pair.
[[0;32m  OK  [0m] Started FUSE filesystem for LXC.
[   26.672210] cloud-init[965]: Your identification has been saved in /etc/ssh/ssh_host_ed25519_key.
[   26.693617]          Starting Login Service...
cloud-init[965]: Your public key has been saved in /etc/ssh/ssh_host_ed25519_key.pub.
[   26.703032] cloud-init[965]: The key fingerprint is:
[   26.706792] cloud-init[965]: SHA256:K/GUxgXCCqmO7qoaYLcx2Vsct2CgMF90t3dRnDnMii4 root@ubuntu-xenial
[   26.712641] cloud-init[965]: The key's randomart image is:
[   26.725954]          Starting Accounts Service...
cloud-init[965]: +--[ED25519 256]--+
[   26.729083] cloud-init[965]: | o ..=....   .=.o|
[   26.738815]          Starting LSB: Record successful boot for GRUB...
cloud-init[965]: |  * o +....   .B |
[   26.745104] cloud-init[965]: | . + . + o..... .|
[   26.747944]          Starting /etc/rc.local Compatibility...
cloud-init[965]: |.   + o.+oo...   |
[   26.752894] cloud-init[965]: |+. = ..oS..      |
[   26.754652] cloud-init[965]: |+.. + o= E .     |
[   26.766897] cloud-init[965]: |o  . .. o .      |
[   26.770054] cloud-init[965]: | o     .         |
[   26.774159] cloud-init[965]: |O.               |
[   26.777212] cloud-init[965]: +----[SHA256]-----+
[[0;32m  OK  [0m] Started Regular background program processing daemon.
[[0;32m  OK  [0m] Started D-Bus System Message Bus.
         Starting Snappy daemon...
         Starting LXD - container startup/shutdown...
         Starting Virtualbox guest utils...
[[0;32m  OK  [0m] Started System Logging Service.
[[0;32m  OK  [0m] Started /etc/rc.local Compatibility.
[[0;32m  OK  [0m] Started Login Service.
[[0;32m  OK  [0m] Started Unattended Upgrades Shutdown.
[[0;32m  OK  [0m] Started iSCSI initiator daemon (iscsid).
         Starting Login to default iSCSI targets...
[[0;32m  OK  [0m] Started LSB: MD monitoring daemon.
[[0;32m  OK  [0m] Started LSB: Record successful boot for GRUB.
         Starting Authenticate and Authorize Users to Run Privileged Tasks...
[[0;32m  OK  [0m] Started Login to default iSCSI targets.
[[0;32m  OK  [0m] Reached target Remote File Systems (Pre).
[[0;32m  OK  [0m] Reached target Remote File Systems.
         Starting Permit User Sessions...
         Starting LSB: daemon to balance interrupts for SMP systems...
         Starting LSB: Set the CPU Frequency Scaling governor to "ondemand"...
         Starting LSB: automatic crash report generation...
[[0;32m  OK  [0m] Started Permit User Sessions.
         Starting Terminate Plymouth Boot Screen...
         Starting Hold until boot process finishes up...
[[0;32m  OK  [0m] Started Hold until boot process finishes up.
[[0;32m  OK  [0m] Started Serial Getty on ttyS0.
[[0;32m  OK  [0m] Started Getty on tty1.
[[0;32m  OK  [0m] Reached target Login Prompts.
         Starting Set console scheme...
[[0;32m  OK  [0m] Started Terminate Plymouth Boot Screen.
[[0;32m  OK  [0m] Started LSB: Set the CPU Frequency Scaling governor to "ondemand".
[[0;32m  OK  [0m] Started Set console scheme.
[[0;32m  OK  [0m] Started LSB: automatic crash report generation.
[[0;32m  OK  [0m] Started LSB: daemon to balance interrupts for SMP systems.
[[0;32m  OK  [0m] Started Authenticate and Authorize Users to Run Privileged Tasks.
[[0;32m  OK  [0m] Started Accounts Service.
[[0;32m  OK  [0m] Started Virtualbox guest utils.
[[0;32m  OK  [0m] Started LXD - container startup/shutdown.
[[0;32m  OK  [0m] Started Pollinate to seed the pseudo random number generator.
         Starting OpenBSD Secure Shell server...
[[0;32m  OK  [0m] Started OpenBSD Secure Shell server.
[[0;32m  OK  [0m] Started Snappy daemon.
         Starting Wait until snapd is fully seeded...
[[0;32m  OK  [0m] Created slice User Slice of vagrant.
         Starting User Manager for UID 1000...
[[0;32m  OK  [0m] Started Session 1 of user vagrant.
[[0;32m  OK  [0m] Started User Manager for UID 1000.

Ubuntu 16.04.6 LTS ubuntu-xenial ttyS0

ubuntu-xenial login: [   37.884051] cloud-init[1427]: Generating locales (this might take a while)...
[   39.800333] cloud-init[1427]:   en_US.UTF-8... done
[   39.805139] cloud-init[1427]: Generation complete.
[   41.284690] cloud-init[1427]: Cloud-init v. 19.4-33-gbb4131a2-0ubuntu1~16.04.1 running 'modules:config' at Mon, 22 Jun 2020 00:05:30 +0000. Up 37.22 seconds.
ci-info: no authorized SSH keys fingerprints found for user ubuntu.
<14>Jun 22 00:05:36 ec2: 
<14>Jun 22 00:05:36 ec2: #############################################################
<14>Jun 22 00:05:36 ec2: -----BEGIN SSH HOST KEY FINGERPRINTS-----
<14>Jun 22 00:05:36 ec2: 1024 SHA256:H0SAfj+RhqLm4QfnI7chCCoBIINabzgwraxmR2M2N5Q root@ubuntu-xenial (DSA)
<14>Jun 22 00:05:36 ec2: 256 SHA256:AJCUKsMwwK9SSHPx75dV8bcSiiKnK9XVAgjbgmK/JRA root@ubuntu-xenial (ECDSA)
<14>Jun 22 00:05:36 ec2: 256 SHA256:K/GUxgXCCqmO7qoaYLcx2Vsct2CgMF90t3dRnDnMii4 root@ubuntu-xenial (ED25519)
<14>Jun 22 00:05:36 ec2: 2048 SHA256:iylsDZPY8sxjI5/knnONjs9BcCG9mygYLTgVb+jaq1k root@ubuntu-xenial (RSA)
<14>Jun 22 00:05:36 ec2: -----END SSH HOST KEY FINGERPRINTS-----
<14>Jun 22 00:05:36 ec2: #############################################################
-----BEGIN SSH HOST KEY KEYS-----
ecdsa-sha2-nistp256 AAAAE2VjZHNhLXNoYTItbmlzdHAyNTYAAAAIbmlzdHAyNTYAAABBBPhpMxsgigJMX7+tZXXK/WP8qW0ax6FPg4Ca4JJz7Ck/ZDqsQ/KN2YfQTKsebTs31tMAu97ZGN/x7/jD3HTRwz8= root@ubuntu-xenial
ssh-ed25519 AAAAC3NzaC1lZDI1NTE5AAAAIIddaM15yq7qs62IJtVQZi4sbEd+jn+3PWqeNV+sxH3m root@ubuntu-xenial
ssh-rsa AAAAB3NzaC1yc2EAAAADAQABAAABAQDOvPT3Yi2EWyKLBlLsl8zJ3pquJEzOv9a8qtvKQngJNdYaiSlFCNmggb/DXoYbjNNpGgyQZQalm8Rek9TJGWcLOp9onCQ8GyNQhIPZkXbxCgnAo9uDkA5gzuvtlVYDJ8SWUrLcRDGivkzQ21jzqIDszHcQQ7En2CObsiiwnQ18Tqxb86HK59m5ja9zDyqUVNsFsPTSkmQbcX8srY8VpwS6YfhdDy0NxNHq3HSK+l/ggkzRZ7E6WmzQIWfrlL+posqc0uI8DhTy506vyH89KAvHzXxjCOVA1Q2FaLC3ROLFWsmngqovcxByAefQO2QpW+hQIDoEzx6Q3ZCxNTezZT6R root@ubuntu-xenial
-----END SSH HOST KEY KEYS-----
[   42.704841] cloud-init[1640]: Cloud-init v. 19.4-33-gbb4131a2-0ubuntu1~16.04.1 running 'modules:final' at Mon, 22 Jun 2020 00:05:35 +0000. Up 42.25 seconds.
[   42.705731] cloud-init[1640]: ci-info: no authorized SSH keys fingerprints found for user ubuntu.
[   42.706214] cloud-init[1640]: Cloud-init v. 19.4-33-gbb4131a2-0ubuntu1~16.04.1 finished at Mon, 22 Jun 2020 00:05:36 +0000. Datasource DataSourceNoCloud [seed=/dev/sdb][dsmode=net].  Up 42.66 seconds
[3                    ¿  ¿              ¸‰             Ä   A˝ˇˇ    ¿ƒ˝ˇ†Bïí         ∞#ﬁÅ–  ê)¨–                  –ÿø–   –{¬∏ˇˇ @ˇ    ê	)¨–  ê	)¨–  )¨–  –)¨–  u‹ÌÅ–  Ä   Åˇˇˇ    @ƒ˝ˇ$     fo:1239]
[3    –{¬∏ˇˇ @ˇ    ê	)¨–  ê	)¨–  )¨–  –)¨–  u‹ÌÅ–  Ä   Åˇˇˇ    @ƒ˝ˇÇíy)+     
[30922.642952] (detected by 0, t=16521 jiffies, g=67508, c